TN:
SF:src/config/db.ts
FNF:0
FNH:0
DA:1,1
DA:2,1
DA:3,1
DA:5,1
DA:6,1
DA:7,1
DA:8,1
DA:9,1
DA:12,1
LF:9
LH:9
BRF:0
BRH:0
end_of_record
TN:
SF:src/middleware/auth.ts
FN:5,(anonymous_1)
FN:13,(anonymous_2)
FNF:2
FNH:2
FNDA:3,(anonymous_1)
FNDA:2,(anonymous_2)
DA:2,1
DA:4,1
DA:6,3
DA:7,3
DA:9,3
DA:10,1
DA:13,2
DA:14,2
DA:15,1
DA:17,1
LF:10
LH:10
BRDA:7,0,0,1
BRDA:7,0,1,2
BRDA:7,1,0,3
BRDA:7,1,1,3
BRDA:9,2,0,1
BRDA:9,2,1,2
BRDA:14,3,0,1
BRDA:14,3,1,1
BRF:8
BRH:8
end_of_record
TN:
SF:src/models/adverse_action.ts
FNF:0
FNH:0
DA:1,1
DA:2,1
DA:3,1
DA:47,1
DA:74,1
DA:77,1
LF:6
LH:6
BRF:0
BRH:0
end_of_record
TN:
SF:src/models/candidate.ts
FNF:0
FNH:0
DA:1,1
DA:2,1
DA:92,1
DA:170,1
LF:4
LH:4
BRF:0
BRH:0
end_of_record
TN:
SF:src/models/candidate_court_search.ts
FNF:0
FNH:0
DA:1,1
DA:2,1
DA:3,1
DA:4,1
DA:6,1
DA:22,1
DA:24,1
DA:29,1
LF:8
LH:8
BRF:0
BRH:0
end_of_record
TN:
SF:src/models/court_search.ts
FNF:0
FNH:0
DA:1,1
DA:2,1
DA:40,1
DA:64,1
LF:4
LH:4
BRF:0
BRH:0
end_of_record
TN:
SF:src/models/user.ts
FNF:0
FNH:0
DA:1,1
DA:2,1
DA:30,1
DA:51,1
LF:4
LH:4
BRF:0
BRH:0
end_of_record
TN:
SF:src/services/adverseActionService.ts
FN:5,(anonymous_8)
FN:5,(anonymous_9)
FN:14,(anonymous_10)
FN:14,(anonymous_11)
FN:37,(anonymous_12)
FN:37,(anonymous_13)
FNF:6
FNH:6
FNDA:2,(anonymous_8)
FNDA:2,(anonymous_9)
FNDA:3,(anonymous_10)
FNDA:3,(anonymous_11)
FNDA:2,(anonymous_12)
FNDA:2,(anonymous_13)
DA:1,1
DA:2,1
DA:3,1
DA:4,1
DA:5,2
DA:6,2
DA:7,2
DA:8,1
DA:10,1
DA:14,3
DA:15,3
DA:16,3
DA:17,3
DA:18,2
DA:23,3
DA:24,3
DA:31,2
DA:32,2
DA:34,1
DA:37,2
DA:38,2
DA:39,2
DA:46,1
DA:48,1
LF:24
LH:24
BRDA:17,0,0,2
BRDA:17,0,1,1
BRDA:31,1,0,1
BRDA:31,1,1,1
BRF:4
BRH:4
end_of_record
TN:
SF:src/services/authService.ts
FN:7,(anonymous_8)
FN:7,(anonymous_9)
FNF:2
FNH:2
FNDA:4,(anonymous_8)
FNDA:4,(anonymous_9)
DA:1,1
DA:2,1
DA:3,1
DA:4,1
DA:6,1
DA:7,4
DA:8,4
DA:9,4
DA:11,3
DA:12,1
DA:15,2
DA:17,2
DA:18,1
DA:21,1
DA:23,1
DA:25,1
LF:16
LH:16
BRDA:11,0,0,1
BRDA:11,0,1,2
BRDA:15,1,0,1
BRDA:15,1,1,1
BRDA:15,2,0,2
BRDA:15,2,1,2
BRDA:15,3,0,1
BRDA:15,3,1,1
BRDA:15,4,0,2
BRDA:15,4,1,2
BRDA:17,5,0,1
BRDA:17,5,1,1
BRF:12
BRH:12
end_of_record
TN:
SF:src/services/candidateService.ts
FN:7,(anonymous_8)
FN:7,(anonymous_9)
FN:24,(anonymous_10)
FN:24,(anonymous_11)
FN:32,(anonymous_12)
FN:32,(anonymous_13)
FN:44,(anonymous_14)
FN:44,(anonymous_15)
FN:59,(anonymous_16)
FN:59,(anonymous_17)
FNF:10
FNH:10
FNDA:2,(anonymous_8)
FNDA:2,(anonymous_9)
FNDA:2,(anonymous_10)
FNDA:2,(anonymous_11)
FNDA:3,(anonymous_12)
FNDA:3,(anonymous_13)
FNDA:3,(anonymous_14)
FNDA:3,(anonymous_15)
FNDA:1,(anonymous_16)
FNDA:1,(anonymous_17)
DA:1,1
DA:2,1
DA:3,1
DA:4,1
DA:6,1
DA:7,2
DA:8,2
DA:9,2
DA:10,2
DA:11,2
DA:16,2
DA:17,1
DA:18,1
DA:19,1
DA:21,1
DA:24,2
DA:25,2
DA:26,2
DA:27,1
DA:29,1
DA:32,3
DA:33,3
DA:34,3
DA:35,2
DA:36,1
DA:38,1
DA:40,2
DA:41,1
DA:44,3
DA:45,3
DA:46,3
DA:47,2
DA:48,1
DA:51,1
DA:53,1
DA:55,2
DA:56,1
DA:59,1
DA:60,1
DA:61,1
DA:68,0
DA:74,0
DA:79,0
DA:81,0
DA:83,1
LF:45
LH:41
BRDA:10,0,0,2
BRDA:10,0,1,0
BRDA:18,1,0,1
BRDA:18,1,1,0
BRDA:35,2,0,1
BRDA:35,2,1,1
BRDA:40,3,0,1
BRDA:40,3,1,1
BRDA:47,4,0,1
BRDA:47,4,1,1
BRDA:55,5,0,1
BRDA:55,5,1,1
BRF:12
BRH:10
end_of_record
TN:
SF:src/services/courtSearchService.ts
FN:7,(anonymous_8)
FN:7,(anonymous_9)
FN:21,(anonymous_10)
FN:21,(anonymous_11)
FN:29,(anonymous_12)
FN:29,(anonymous_13)
FNF:6
FNH:6
FNDA:2,(anonymous_8)
FNDA:2,(anonymous_9)
FNDA:2,(anonymous_10)
FNDA:2,(anonymous_11)
FNDA:3,(anonymous_12)
FNDA:3,(anonymous_13)
DA:1,1
DA:2,1
DA:3,1
DA:4,1
DA:6,1
DA:7,2
DA:8,2
DA:9,2
DA:11,1
DA:16,1
DA:18,1
DA:21,2
DA:22,2
DA:23,2
DA:24,1
DA:26,1
DA:29,3
DA:30,3
DA:31,3
DA:38,2
DA:40,1
DA:42,2
DA:43,1
LF:23
LH:23
BRDA:38,0,0,1
BRDA:38,0,1,1
BRDA:42,1,0,1
BRDA:42,1,1,1
BRF:4
BRH:4
end_of_record
TN:
SF:src/services/userService.ts
FN:7,(anonymous_8)
FN:7,(anonymous_9)
FN:25,(anonymous_10)
FN:25,(anonymous_11)
FN:29,(anonymous_12)
FN:29,(anonymous_13)
FNF:6
FNH:6
FNDA:3,(anonymous_8)
FNDA:3,(anonymous_9)
FNDA:1,(anonymous_10)
FNDA:1,(anonymous_11)
FNDA:3,(anonymous_12)
FNDA:3,(anonymous_13)
DA:1,1
DA:2,1
DA:3,1
DA:6,1
DA:7,3
DA:8,3
DA:9,3
DA:10,3
DA:11,1
DA:13,2
DA:14,2
DA:15,2
DA:16,1
DA:17,1
DA:19,2
DA:20,1
DA:25,1
DA:26,1
DA:27,1
DA:29,3
DA:30,3
DA:31,3
DA:32,2
DA:33,1
DA:35,1
DA:36,1
DA:38,2
DA:39,1
DA:40,1
LF:29
LH:29
BRDA:10,0,0,1
BRDA:10,0,1,2
BRDA:19,1,0,1
BRDA:19,1,1,1
BRDA:32,2,0,1
BRDA:32,2,1,1
BRDA:38,3,0,1
BRDA:38,3,1,1
BRF:8
BRH:8
end_of_record
TN:
SF:src/utils/testConstant.ts
FNF:0
FNH:0
DA:3,1
DA:9,1
DA:16,1
DA:22,1
DA:24,1
DA:30,1
DA:35,1
LF:7
LH:7
BRF:0
BRH:0
end_of_record
TN:
SF:src/utils/exceptionHandling/GlobalError.ts
FN:7,(anonymous_0)
FNF:1
FNH:1
FNDA:23,(anonymous_0)
DA:5,1
DA:8,23
DA:9,23
DA:10,23
LF:4
LH:4
BRF:0
BRH:0
end_of_record
