TN:
SF:src/config/db.ts
FNF:0
FNH:0
DA:1,1
DA:2,1
DA:3,1
DA:5,1
DA:6,1
DA:7,1
DA:8,1
DA:9,1
DA:12,1
LF:9
LH:9
BRDA:8,0,0,1
BRDA:8,0,1,0
BRDA:8,1,0,1
BRDA:8,1,1,1
BRF:4
BRH:3
end_of_record
TN:
SF:src/middleware/auth.ts
FN:5,(anonymous_1)
FN:13,(anonymous_2)
FNF:2
FNH:2
FNDA:3,(anonymous_1)
FNDA:2,(anonymous_2)
DA:2,1
DA:4,1
DA:6,3
DA:7,3
DA:9,3
DA:10,1
DA:13,2
DA:14,2
DA:15,1
DA:17,1
LF:10
LH:10
BRDA:7,0,0,1
BRDA:7,0,1,2
BRDA:7,1,0,3
BRDA:7,1,1,3
BRDA:9,2,0,1
BRDA:9,2,1,2
BRDA:14,3,0,1
BRDA:14,3,1,1
BRF:8
BRH:8
end_of_record
TN:
SF:src/services/adverseActionService.ts
FN:5,(anonymous_8)
FN:5,(anonymous_9)
FN:14,(anonymous_10)
FN:14,(anonymous_11)
FN:37,(anonymous_12)
FN:37,(anonymous_13)
FNF:6
FNH:6
FNDA:2,(anonymous_8)
FNDA:2,(anonymous_9)
FNDA:3,(anonymous_10)
FNDA:3,(anonymous_11)
FNDA:2,(anonymous_12)
FNDA:2,(anonymous_13)
DA:1,1
DA:2,1
DA:3,1
DA:4,1
DA:5,2
DA:6,2
DA:7,2
DA:8,1
DA:10,1
DA:14,3
DA:15,3
DA:16,3
DA:17,3
DA:18,2
DA:23,3
DA:24,3
DA:31,2
DA:32,2
DA:34,1
DA:37,2
DA:38,2
DA:39,2
DA:46,1
DA:48,1
LF:24
LH:24
BRDA:17,0,0,2
BRDA:17,0,1,1
BRDA:31,1,0,1
BRDA:31,1,1,1
BRF:4
BRH:4
end_of_record
TN:
SF:src/services/authService.ts
FN:7,(anonymous_8)
FN:7,(anonymous_9)
FNF:2
FNH:2
FNDA:4,(anonymous_8)
FNDA:4,(anonymous_9)
DA:1,1
DA:2,1
DA:3,1
DA:4,1
DA:6,1
DA:7,4
DA:8,4
DA:9,4
DA:11,3
DA:12,1
DA:15,2
DA:17,2
DA:18,1
DA:21,1
DA:23,1
DA:25,1
LF:16
LH:16
BRDA:11,0,0,1
BRDA:11,0,1,2
BRDA:15,1,0,1
BRDA:15,1,1,1
BRDA:15,2,0,2
BRDA:15,2,1,2
BRDA:15,3,0,1
BRDA:15,3,1,1
BRDA:15,4,0,2
BRDA:15,4,1,2
BRDA:17,5,0,1
BRDA:17,5,1,1
BRF:12
BRH:12
end_of_record
TN:
SF:src/services/candidateService.ts
FN:5,(anonymous_8)
FN:5,(anonymous_9)
FN:22,(anonymous_10)
FN:22,(anonymous_11)
FN:30,(anonymous_12)
FN:30,(anonymous_13)
FN:42,(anonymous_14)
FN:42,(anonymous_15)
FNF:8
FNH:8
FNDA:2,(anonymous_8)
FNDA:2,(anonymous_9)
FNDA:2,(anonymous_10)
FNDA:2,(anonymous_11)
FNDA:3,(anonymous_12)
FNDA:3,(anonymous_13)
FNDA:3,(anonymous_14)
FNDA:3,(anonymous_15)
DA:1,1
DA:2,1
DA:4,1
DA:5,2
DA:6,2
DA:7,2
DA:8,2
DA:9,2
DA:14,2
DA:15,1
DA:16,1
DA:17,1
DA:19,1
DA:22,2
DA:23,2
DA:24,2
DA:25,1
DA:27,1
DA:30,3
DA:31,3
DA:32,3
DA:33,2
DA:34,1
DA:36,1
DA:38,2
DA:39,1
DA:42,3
DA:43,3
DA:44,3
DA:45,2
DA:46,1
DA:49,1
DA:51,1
DA:53,2
DA:54,1
LF:35
LH:35
BRDA:8,0,0,2
BRDA:8,0,1,0
BRDA:16,1,0,1
BRDA:16,1,1,0
BRDA:33,2,0,1
BRDA:33,2,1,1
BRDA:38,3,0,1
BRDA:38,3,1,1
BRDA:45,4,0,1
BRDA:45,4,1,1
BRDA:53,5,0,1
BRDA:53,5,1,1
BRF:12
BRH:10
end_of_record
TN:
SF:src/services/courtSearchService.ts
FN:7,(anonymous_8)
FN:7,(anonymous_9)
FN:20,(anonymous_10)
FN:20,(anonymous_11)
FN:28,(anonymous_12)
FN:28,(anonymous_13)
FNF:6
FNH:6
FNDA:2,(anonymous_8)
FNDA:2,(anonymous_9)
FNDA:2,(anonymous_10)
FNDA:2,(anonymous_11)
FNDA:3,(anonymous_12)
FNDA:3,(anonymous_13)
DA:1,1
DA:2,1
DA:3,1
DA:4,1
DA:6,1
DA:7,2
DA:8,2
DA:9,2
DA:11,1
DA:15,1
DA:17,1
DA:20,2
DA:21,2
DA:22,2
DA:23,1
DA:25,1
DA:28,3
DA:29,3
DA:30,3
DA:37,2
DA:39,1
DA:41,2
DA:42,1
LF:23
LH:23
BRDA:37,0,0,1
BRDA:37,0,1,1
BRDA:41,1,0,1
BRDA:41,1,1,1
BRF:4
BRH:4
end_of_record
TN:
SF:src/services/userService.ts
FN:7,(anonymous_8)
FN:7,(anonymous_9)
FN:25,(anonymous_10)
FN:25,(anonymous_11)
FN:29,(anonymous_12)
FN:29,(anonymous_13)
FNF:6
FNH:6
FNDA:3,(anonymous_8)
FNDA:3,(anonymous_9)
FNDA:1,(anonymous_10)
FNDA:1,(anonymous_11)
FNDA:3,(anonymous_12)
FNDA:3,(anonymous_13)
DA:1,1
DA:2,1
DA:3,1
DA:6,1
DA:7,3
DA:8,3
DA:9,3
DA:10,3
DA:11,1
DA:13,2
DA:14,2
DA:15,2
DA:16,1
DA:17,1
DA:19,2
DA:20,1
DA:25,1
DA:26,1
DA:27,1
DA:29,3
DA:30,3
DA:31,3
DA:32,2
DA:33,1
DA:35,1
DA:36,1
DA:38,2
DA:39,1
DA:40,1
LF:29
LH:29
BRDA:10,0,0,1
BRDA:10,0,1,2
BRDA:19,1,0,1
BRDA:19,1,1,1
BRDA:32,2,0,1
BRDA:32,2,1,1
BRDA:38,3,0,1
BRDA:38,3,1,1
BRF:8
BRH:8
end_of_record
